A D/alchemy////
A D/ar7////
A D/bcm47xx////
A D/bcm63xx////
A D/boot////
A D/cavium-octeon////
A D/cobalt////
A D/configs////
A D/dec////
A D/emma////
A D/fw////
A D/gt64120////
A D/include////
A D/jazz////
A D/kernel////
A D/lasat////
A D/lib////
A D/loongson////
A D/math-emu////
A D/mipssim////
A D/mm////
A D/mti-malta////
A D/nxp////
A D/oprofile////
A D/pci////
A D/pmc-sierra////
A D/power////
A D/powertv////
A D/rb532////
A D/sgi-ip22////
A D/sgi-ip27////
A D/sgi-ip32////
A D/sibyte////
A D/sni////
A D/txx9////
A D/vr41xx////
