A D/9p////
A D/adfs////
A D/affs////
A D/afs////
A D/autofs////
A D/autofs4////
A D/befs////
A D/bfs////
A D/btrfs////
A D/cachefiles////
A D/ceph////
A D/cifs////
A D/coda////
A D/configfs////
A D/cramfs////
A D/debugfs////
A D/devpts////
A D/dlm////
A D/ecryptfs////
A D/efs////
A D/exofs////
A D/exportfs////
A D/ext2////
A D/ext3////
A D/ext4////
A D/fat////
A D/freevxfs////
A D/fscache////
A D/fuse////
A D/gfs2////
A D/hfs////
A D/hfsplus////
A D/hostfs////
A D/hpfs////
A D/hppfs////
A D/hugetlbfs////
A D/isofs////
A D/jbd////
A D/jbd2////
A D/jffs2////
A D/jfs////
A D/lockd////
A D/logfs////
A D/minix////
A D/ncpfs////
A D/nfs////
A D/nfs_common////
A D/nfsd////
A D/nilfs2////
A D/nls////
A D/notify////
A D/ntfs////
A D/ocfs2////
A D/omfs////
A D/openpromfs////
A D/partitions////
A D/proc////
A D/qnx4////
A D/quota////
A D/ramfs////
A D/reiserfs////
A D/romfs////
A D/smbfs////
A D/squashfs////
A D/sysfs////
A D/sysv////
A D/ubifs////
A D/udf////
A D/ufs////
A D/xfs////
A D/yaffs2////
