A D/appletalk////
A D/arcnet////
A D/arm////
A D/atl1c////
A D/atl1e////
A D/atlx////
A D/benet////
A D/bonding////
A D/can////
A D/chelsio////
A D/cris////
A D/cxgb3////
A D/cxgb4////
A D/e1000////
A D/e1000e////
A D/ehea////
A D/enic////
A D/fs_enet////
A D/hamradio////
A D/ibm_newemac////
A D/igb////
A D/igbvf////
A D/irda////
A D/ixgb////
A D/ixgbe////
A D/ixgbevf////
A D/ixp2000////
A D/mlx4////
A D/myri10ge////
A D/netxen////
A D/octeon////
A D/pcmcia////
A D/phy////
A D/qlcnic////
A D/qlge////
A D/sfc////
A D/skfp////
A D/stmmac////
A D/tokenring////
A D/tulip////
A D/usb////
A D/vmxnet3////
A D/vxge////
A D/wan////
A D/wimax////
A D/wireless////
