A D/arlan////
A D/asus_oled////
A D/batman-adv////
A D/comedi////
A D/crystalhd////
A D/cx25821////
A D/dream////
A D/dt3155////
A D/echo////
A D/et131x////
A D/frontier////
A D/go7007////
A D/hv////
A D/iio////
A D/line6////
A D/netwave////
A D/octeon////
A D/otus////
A D/panel////
A D/phison////
A D/poch////
A D/pohmelfs////
A D/quatech_usb2////
A D/ramzswap////
A D/rar_register////
A D/rt2860////
A D/rt2870////
A D/rt3070////
A D/rtl8187se////
A D/rtl8192e////
A D/rtl8192su////
A D/rtl8192u////
A D/samsung-laptop////
A D/sep////
A D/serqt_usb2////
A D/slicoss////
A D/sm7xx////
A D/strip////
A D/udlfb////
A D/usbip////
A D/vme////
A D/vt6655////
A D/vt6656////
A D/wavelan////
A D/winbond////
A D/wlags49_h2////
A D/wlags49_h25////
A D/wlan-ng////
